0 info it worked if it ends with ok
1 verbose cli [ '/home/ruth/Escritorio/Herramientas/node-v6.11.3-linux-x64/bin/node',
1 verbose cli   '/home/ruth/Escritorio/Herramientas/node-v6.11.3-linux-x64/bin/npm',
1 verbose cli   'run',
1 verbose cli   'build' ]
2 info using npm@3.10.10
3 info using node@v6.11.3
4 verbose run-script [ 'prebuild', 'build', 'postbuild' ]
5 info lifecycle vue-frontend@1.0.0~prebuild: vue-frontend@1.0.0
6 silly lifecycle vue-frontend@1.0.0~prebuild: no script for prebuild, continuing
7 info lifecycle vue-frontend@1.0.0~build: vue-frontend@1.0.0
8 verbose lifecycle vue-frontend@1.0.0~build: unsafe-perm in lifecycle true
9 verbose lifecycle vue-frontend@1.0.0~build: PATH: /home/ruth/Escritorio/Herramientas/node-v6.11.3-linux-x64/lib/node_modules/npm/bin/node-gyp-bin:/home/ruth/Escritorio/Herramientas/tbd-2-2017-vue-master/plantilla-vue/node_modules/.bin:/home/ruth/bin:/home/ruth/.local/bin:/usr/local/sbin:/usr/local/bin:/usr/sbin:/usr/bin:/sbin:/bin:/usr/games:/usr/local/games:/snap/bin:/home/ruth/Escritorio/Herramientas/jdk1.8.0_144/bin:/home/ruth/Escritorio/Herramientas/gradle-4.1/bin:/home/ruth/Escritorio/Herramientas/apache-maven-3.5.0/bin:/home/ruth/Escritorio/Herramientas/apache-tomcat-8.5.20/bin:/home/ruth/Escritorio/Herramientas/node-v6.11.3-linux-x64/bin
10 verbose lifecycle vue-frontend@1.0.0~build: CWD: /home/ruth/Escritorio/Herramientas/tbd-2-2017-vue-master/plantilla-vue
11 silly lifecycle vue-frontend@1.0.0~build: Args: [ '-c', 'webpack' ]
12 silly lifecycle vue-frontend@1.0.0~build: Returned: code: 2  signal: null
13 info lifecycle vue-frontend@1.0.0~build: Failed to exec build script
14 verbose stack Error: vue-frontend@1.0.0 build: `webpack`
14 verbose stack Exit status 2
14 verbose stack     at EventEmitter.<anonymous> (/home/ruth/Escritorio/Herramientas/node-v6.11.3-linux-x64/lib/node_modules/npm/lib/utils/lifecycle.js:255:16)
14 verbose stack     at emitTwo (events.js:106:13)
14 verbose stack     at EventEmitter.emit (events.js:191:7)
14 verbose stack     at ChildProcess.<anonymous> (/home/ruth/Escritorio/Herramientas/node-v6.11.3-linux-x64/lib/node_modules/npm/lib/utils/spawn.js:40:14)
14 verbose stack     at emitTwo (events.js:106:13)
14 verbose stack     at ChildProcess.emit (events.js:191:7)
14 verbose stack     at maybeClose (internal/child_process.js:920:16)
14 verbose stack     at Process.ChildProcess._handle.onexit (internal/child_process.js:230:5)
15 verbose pkgid vue-frontend@1.0.0
16 verbose cwd /home/ruth/Escritorio/Herramientas/tbd-2-2017-vue-master/plantilla-vue
17 error Linux 4.10.0-33-generic
18 error argv "/home/ruth/Escritorio/Herramientas/node-v6.11.3-linux-x64/bin/node" "/home/ruth/Escritorio/Herramientas/node-v6.11.3-linux-x64/bin/npm" "run" "build"
19 error node v6.11.3
20 error npm  v3.10.10
21 error code ELIFECYCLE
22 error vue-frontend@1.0.0 build: `webpack`
22 error Exit status 2
23 error Failed at the vue-frontend@1.0.0 build script 'webpack'.
23 error Make sure you have the latest version of node.js and npm installed.
23 error If you do, this is most likely a problem with the vue-frontend package,
23 error not with npm itself.
23 error Tell the author that this fails on your system:
23 error     webpack
23 error You can get information on how to open an issue for this project with:
23 error     npm bugs vue-frontend
23 error Or if that isn't available, you can get their info via:
23 error     npm owner ls vue-frontend
23 error There is likely additional logging output above.
24 verbose exit [ 1, true ]
